<?xml version="1.0" encoding="UTF-8"?>
<!-- Generated by org.testng.reporters.JUnitReportReporter -->
<testsuite hostname="Panda.local" failures="0" tests="1" name="automationFramework.SearchChair" time="5.804" errors="0" timestamp="2020-01-16T13:43:54 EET" skipped="0">
  <testcase classname="automationFramework.SearchChair" name="f" time="5.804"/>
</testsuite> <!-- automationFramework.SearchChair -->
