<?xml version="1.0" encoding="UTF-8"?>
<!-- Generated by org.testng.reporters.JUnitReportReporter -->
<testsuite hostname="Panda.local" failures="0" tests="1" name="automationFramework.SearchBed" time="5.250" errors="0" timestamp="2020-01-16T13:43:54 EET" skipped="0">
  <testcase classname="automationFramework.SearchBed" name="f" time="5.250"/>
</testsuite> <!-- automationFramework.SearchBed -->
